<?xml version="1.0" encoding="UTF-8"?>
<!-- Generated by org.testng.reporters.JUnitReportReporter -->
<testsuite hostname="FTDT798" name="com.w2a.test.LoginTest" tests="1" failures="0" timestamp="8 Jan 2019 14:20:26 GMT" time="10.013" errors="0">
  <testcase name="doLogin" time="10.013" classname="com.w2a.test.LoginTest"/>
</testsuite> <!-- com.w2a.test.LoginTest -->
